proguard-project.txt
# To enable ProGuard in your project, edit project.properties
# to define the proguard.config property as described in that file.
#
# Add project specific ProGuard rules here.
# By default, the flags in this file are appended to flags specified
# in ${sdk.dir}/tools/proguard/proguard-android.txt
# You can edit the include path and order by changing the ProGuard
# include property in project.properties.
#
# For more details, see
#   http://developer.android.com/guide/developing/tools/proguard.html

# Add any project specific keep options here:



# If your project uses WebView with JS, uncomment the following
# and specify the fully qualified class name to the JavaScript interface
# class:
#-keepclassmembers class fqcn.of.javascript.interface.for.webview {
#   public *;
#}

-libraryjars /libs/baidumapapi_v2_1_1.jar
-libraryjars /libs/locSDK_3.1.jar
-libraryjars /libs/android-support-v4.jar
-libraryjars /libs/libammsdk.jar
-libraryjars /libs/mframework.jar

-libraryjars /libs/ShareSDK-Core.jar
-libraryjars /libs/ShareSDK-Email.jar
-libraryjars /libs/ShareSDK-QZone.jar
-libraryjars /libs/ShareSDK-Renren.jar
-libraryjars /libs/ShareSDK-ShortMessage.jar
-libraryjars /libs/ShareSDK-SinaWeibo.jar
-libraryjars /libs/ShareSDK-TencentWeibo.jar
-libraryjars /libs/universal-image-loader-1.8.4-with-sources.jar

-keep class * extends cn.sharesdk.framework.AuthorizeAdapter {*;}

-keep class android.support.v4.** {*;}
-keep class com.nostra13.universalimageloader.**{*;}
-keep class com.baidu.mapapi.** {*;} 
-keep class com.baidu.platform.** {*;}
-keep class com.baidu.location.** {*; }
-keep class com.baidu.vi.** {*; }

-keep class android.net.http.SslError
-keep class android.webkit.**{*;}
-keep class com.tencent.mm.**{*;}
-keep class cn.sharesdk.**{*;}
-keep class com.sina.**{*;}