proguard/seeds.txt
li.dream.BaseApplication
li.dream.BaseApplication: BaseApplication()
li.dream.DreamActivity
li.dream.DreamActivity: DreamActivity()
li.dream.FinalActivity: FinalActivity()
li.dream.FinalActivity: void setContentView(android.view.View)
li.dream.R$anim: int cycle
li.dream.R$anim: int gallery_in
li.dream.R$anim: int shake
li.dream.R$array: int privince_item
li.dream.R$array: int self_center
li.dream.R$attr: int count
li.dream.R$attr: int point_normal_color
li.dream.R$attr: int point_radius
li.dream.R$attr: int point_seleted_color
li.dream.R$attr: int point_size
li.dream.R$attr: int space
li.dream.R$color: int bisque
li.dream.R$color: int black
li.dream.R$color: int black_alpha
li.dream.R$color: int blue
li.dream.R$color: int brow
li.dream.R$color: int brown
li.dream.R$color: int deepskyblue
li.dream.R$color: int gray
li.dream.R$color: int gray11
li.dream.R$color: int grey
li.dream.R$color: int grey21
li.dream.R$color: int link_color
li.dream.R$color: int note_gray
li.dream.R$color: int orange
li.dream.R$color: int simiple_button_color
li.dream.R$color: int simple_text_color
li.dream.R$color: int transparent
li.dream.R$color: int white
li.dream.R$color: int yellow
li.dream.R$drawable: int abc
li.dream.R$drawable: int android_big_button_disable
li.dream.R$drawable: int android_big_button_focus
li.dream.R$drawable: int android_big_button_normal
li.dream.R$drawable: int android_big_button_pressed
li.dream.R$drawable: int android_big_button_x
li.dream.R$drawable: int android_login_checkbox
li.dream.R$drawable: int android_login_checkbox_pressed
li.dream.R$drawable: int arrow
li.dream.R$drawable: int arrow_down
li.dream.R$drawable: int arrow_up
li.dream.R$drawable: int at_button
li.dream.R$drawable: int at_down
li.dream.R$drawable: int at_up
li.dream.R$drawable: int back_button
li.dream.R$drawable: int back_press
li.dream.R$drawable: int back_up
li.dream.R$drawable: int background_login
li.dream.R$drawable: int background_rectangle
li.dream.R$drawable: int bb
li.dream.R$drawable: int bg4
li.dream.R$drawable: int black
li.dream.R$drawable: int blue_button
li.dream.R$drawable: int blue_button_disable
li.dream.R$drawable: int blue_button_pressed
li.dream.R$drawable: int blue_button_selector
li.dream.R$drawable: int blue_to_orange
li.dream.R$drawable: int cam_button
li.dream.R$drawable: int cam_down
li.dream.R$drawable: int cam_up
li.dream.R$drawable: int cancel_button
li.dream.R$drawable: int cancel_press
li.dream.R$drawable: int cancel_up
li.dream.R$drawable: int center_
li.dream.R$drawable: int circle_bg
li.dream.R$drawable: int circle_bg1
li.dream.R$drawable: int club
li.dream.R$drawable: int comment
li.dream.R$drawable: int commpany
...
cn.sharesdk.renren.f
cn.sharesdk.renren.f: cn.sharesdk.renren.f a
cn.sharesdk.renren.f: android.content.Context b
cn.sharesdk.renren.f: int c
cn.sharesdk.renren.f: java.lang.String d
cn.sharesdk.renren.f: java.lang.String e
cn.sharesdk.renren.f: java.lang.String f
cn.sharesdk.renren.f: cn.sharesdk.framework.b.c g
cn.sharesdk.renren.f: cn.sharesdk.renren.f a()
cn.sharesdk.renren.f: f()
cn.sharesdk.renren.f: void a(android.content.Context)
cn.sharesdk.renren.f: void a(int)
cn.sharesdk.renren.f: void a(java.lang.String,java.lang.String,java.lang.String)
cn.sharesdk.renren.f: void a(java.lang.String)
cn.sharesdk.renren.f: void b()
cn.sharesdk.renren.f: java.lang.String a(android.content.Context,java.lang.String[])
cn.sharesdk.renren.f: java.lang.String c()
cn.sharesdk.renren.f: void a(cn.sharesdk.framework.AuthorizeListener)
cn.sharesdk.renren.f: java.util.HashMap b(java.lang.String)
cn.sharesdk.renren.f: java.util.HashMap a(java.lang.String,java.lang.String,java.lang.String,java.lang.String,java.lang.String)
cn.sharesdk.renren.f: java.util.HashMap a(java.lang.String,java.lang.String)
cn.sharesdk.renren.f: java.lang.String c(java.lang.String)
cn.sharesdk.sina.weibo.SSOListener
cn.sharesdk.sina.weibo.SSOListener: void onFailed(java.lang.Throwable)
cn.sharesdk.sina.weibo.SSOListener: void onCancel()
cn.sharesdk.sina.weibo.SSOListener: void onComplete(android.os.Bundle)
cn.sharesdk.sina.weibo.SinaWeibo
cn.sharesdk.sina.weibo.SinaWeibo: java.lang.String NAME
cn.sharesdk.sina.weibo.SinaWeibo: java.lang.String e
cn.sharesdk.sina.weibo.SinaWeibo: java.lang.String f
cn.sharesdk.sina.weibo.SinaWeibo: java.lang.String g
cn.sharesdk.sina.weibo.SinaWeibo: SinaWeibo(android.content.Context)
cn.sharesdk.sina.weibo.SinaWeibo: void a(java.lang.String)
cn.sharesdk.sina.weibo.SinaWeibo: int getPlatformId()
cn.sharesdk.sina.weibo.SinaWeibo: java.lang.String getName()
cn.sharesdk.sina.weibo.SinaWeibo: int getVersion()
cn.sharesdk.sina.weibo.SinaWeibo: void a()
cn.sharesdk.sina.weibo.SinaWeibo: boolean a(int,java.lang.Object)
cn.sharesdk.sina.weibo.SinaWeibo: void a(cn.sharesdk.framework.AbstractWeibo$ShareParams)
cn.sharesdk.sina.weibo.SinaWeibo: void b(java.lang.String)
cn.sharesdk.sina.weibo.SinaWeibo: void a(int,int,java.lang.String)
cn.sharesdk.sina.weibo.SinaWeibo: void c(java.lang.String)
cn.sharesdk.sina.weibo.SinaWeibo: void b(int,int,java.lang.String)
cn.sharesdk.sina.weibo.SinaWeibo: cn.sharesdk.framework.a.h$a a(cn.sharesdk.framework.AbstractWeibo$ShareParams,java.util.HashMap)
cn.sharesdk.sina.weibo.SinaWeibo: cn.sharesdk.framework.WeiboDb a(cn.sharesdk.sina.weibo.SinaWeibo)
cn.sharesdk.sina.weibo.SinaWeibo: cn.sharesdk.framework.WeiboDb b(cn.sharesdk.sina.weibo.SinaWeibo)
cn.sharesdk.sina.weibo.SinaWeibo: cn.sharesdk.framework.WeiboDb c(cn.sharesdk.sina.weibo.SinaWeibo)
cn.sharesdk.sina.weibo.SinaWeibo$ShareParams
cn.sharesdk.sina.weibo.SinaWeibo$ShareParams: float longitude
cn.sharesdk.sina.weibo.SinaWeibo$ShareParams: float latitude
cn.sharesdk.sina.weibo.SinaWeibo$ShareParams: SinaWeibo$ShareParams()
cn.sharesdk.sina.weibo.SinaWeibo$ShareParams: SinaWeibo$ShareParams(cn.sharesdk.framework.AbstractWeibo$ShareParams)