proguard/mapping.txt
li.dream.BaseApplication -> li.dream.BaseApplication:
    int localVersion -> a
    java.lang.String key -> b
    void onCreate() -> onCreate
li.dream.DreamActivity -> li.dream.DreamActivity:
    android.widget.TabHost tabHost -> a
    android.widget.RadioGroup tab_group -> b
    android.widget.RadioButton home -> c
    android.widget.RadioButton sort -> d
    android.widget.RadioButton more -> e
    android.widget.RadioButton search -> f
    android.widget.RadioButton message -> g
    android.widget.RelativeLayout Bottom -> h
    android.widget.Button arrow -> i
    boolean isnetwork -> j
    android.content.Context context -> k
    void onCreate(android.os.Bundle) -> onCreate
    void init() -> a
    void initTab() -> b
    void onDestroy() -> onDestroy
    android.widget.RadioGroup access$0(li.dream.DreamActivity) -> a
    android.widget.Button access$1(li.dream.DreamActivity) -> b
    android.widget.TabHost access$2(li.dream.DreamActivity) -> c
li.dream.DreamActivity$1 -> li.dream.a:
    li.dream.DreamActivity this$0 -> a
    void onClick(android.content.DialogInterface,int) -> onClick
li.dream.DreamActivity$2 -> li.dream.b:
    li.dream.DreamActivity this$0 -> a
    void onClick(android.content.DialogInterface,int) -> onClick
li.dream.DreamActivity$3 -> li.dream.c:
    li.dream.DreamActivity this$0 -> a
    void onClick(android.view.View) -> onClick
li.dream.DreamActivity$4 -> li.dream.d:
    li.dream.DreamActivity this$0 -> a
    void onClick(android.view.View) -> onClick
li.dream.DreamActivity$5 -> li.dream.e:
    li.dream.DreamActivity this$0 -> a
    void onClick(android.view.View) -> onClick
li.dream.DreamActivity$6 -> li.dream.f:
    li.dream.DreamActivity this$0 -> a
    void onClick(android.view.View) -> onClick
li.dream.DreamActivity$7 -> li.dream.g:
    li.dream.DreamActivity this$0 -> a
    void onClick(android.view.View) -> onClick
li.dream.DreamActivity$8 -> li.dream.h:
    li.dream.DreamActivity this$0 -> a
    void onClick(android.view.View) -> onClick
li.dream.FinalActivity -> li.dream.i:
    android.app.ProgressDialog loginPD -> a
    void onCreate(android.os.Bundle) -> onCreate
    boolean checkNetwork(android.content.Context) -> a
    void setContentView(int) -> setContentView
    void show_dialog(java.lang.String) -> a
    void cancel_dialog() -> a
    void Error_Dialog(android.content.Context,java.lang.String) -> a
    java.lang.String ConnectWeb(java.util.List,java.lang.String[]) -> a
    void setContentView(android.view.View,android.view.ViewGroup$LayoutParams) -> setContentView
    void setContentView(android.view.View) -> setContentView
    void initView() -> b
    void setViewClickListener(java.lang.reflect.Field,java.lang.String) -> a
    void setViewLongClickListener(java.lang.reflect.Field,java.lang.String) -> b
    void setItemClickListener(java.lang.reflect.Field,java.lang.String) -> c
    void setItemLongClickListener(java.lang.reflect.Field,java.lang.String) -> d
    void setViewSelectListener(java.lang.reflect.Field,java.lang.String,java.lang.String) -> a
li.dream.FinalActivity$1 -> li.dream.j:
    li.dream.FinalActivity this$0 -> a
    void onClick(android.content.DialogInterface,int) -> onClick
li.dream.R -> li.dream.k:
li.dream.R$styleable -> li.dream.l:
    int[] FlowIndicator -> FlowIndicator
    int FlowIndicator_count -> FlowIndicator_count
    int FlowIndicator_point_normal_color -> FlowIndicator_point_normal_color
    int FlowIndicator_point_radius -> FlowIndicator_point_radius
    int FlowIndicator_point_seleted_color -> FlowIndicator_point_seleted_color
    int FlowIndicator_point_size -> FlowIndicator_point_size
    int FlowIndicator_space -> FlowIndicator_space
...
android.support.v4.view.AccessibilityDelegateCompat$AccessibilityDelegateStubImpl -> android.support.v4.view.AccessibilityDelegateCompat$AccessibilityDelegateStubImpl:
    java.lang.Object newAccessiblityDelegateDefaultImpl() -> newAccessiblityDelegateDefaultImpl
    java.lang.Object newAccessiblityDelegateBridge(android.support.v4.view.AccessibilityDelegateCompat) -> newAccessiblityDelegateBridge
    boolean dispatchPopulateAccessibilityEvent(java.lang.Object,android.view.View,android.view.accessibility.AccessibilityEvent) -> dispatchPopulateAccessibilityEvent
    void onInitializeAccessibilityEvent(java.lang.Object,android.view.View,android.view.accessibility.AccessibilityEvent) -> onInitializeAccessibilityEvent
    void onInitializeAccessibilityNodeInfo(java.lang.Object,android.view.View,android.support.v4.view.accessibility.AccessibilityNodeInfoCompat) -> onInitializeAccessibilityNodeInfo
    void onPopulateAccessibilityEvent(java.lang.Object,android.view.View,android.view.accessibility.AccessibilityEvent) -> onPopulateAccessibilityEvent
    boolean onRequestSendAccessibilityEvent(java.lang.Object,android.view.ViewGroup,android.view.View,android.view.accessibility.AccessibilityEvent) -> onRequestSendAccessibilityEvent
    void sendAccessibilityEvent(java.lang.Object,android.view.View,int) -> sendAccessibilityEvent
    void sendAccessibilityEventUnchecked(java.lang.Object,android.view.View,android.view.accessibility.AccessibilityEvent) -> sendAccessibilityEventUnchecked
android.support.v4.view.AccessibilityDelegateCompatIcs -> android.support.v4.view.AccessibilityDelegateCompatIcs:
    java.lang.Object newAccessibilityDelegateDefaultImpl() -> newAccessibilityDelegateDefaultImpl
    java.lang.Object newAccessibilityDelegateBridge(android.support.v4.view.AccessibilityDelegateCompatIcs$AccessibilityDelegateBridge) -> newAccessibilityDelegateBridge
    boolean dispatchPopulateAccessibilityEvent(java.lang.Object,android.view.View,android.view.accessibility.AccessibilityEvent) -> dispatchPopulateAccessibilityEvent
    void onInitializeAccessibilityEvent(java.lang.Object,android.view.View,android.view.accessibility.AccessibilityEvent) -> onInitializeAccessibilityEvent
    void onInitializeAccessibilityNodeInfo(java.lang.Object,android.view.View,java.lang.Object) -> onInitializeAccessibilityNodeInfo
    void onPopulateAccessibilityEvent(java.lang.Object,android.view.View,android.view.accessibility.AccessibilityEvent) -> onPopulateAccessibilityEvent
    boolean onRequestSendAccessibilityEvent(java.lang.Object,android.view.ViewGroup,android.view.View,android.view.accessibility.AccessibilityEvent) -> onRequestSendAccessibilityEvent
    void sendAccessibilityEvent(java.lang.Object,android.view.View,int) -> sendAccessibilityEvent
    void sendAccessibilityEventUnchecked(java.lang.Object,android.view.View,android.view.accessibility.AccessibilityEvent) -> sendAccessibilityEventUnchecked