proguard/usage.txt
li.dream.BuildConfig
li.dream.R:
li.dream.R$anim
li.dream.R$array
li.dream.R$attr
li.dream.R$color
li.dream.R$drawable
li.dream.R$id
li.dream.R$layout
li.dream.R$raw
li.dream.R$string
li.dream.R$style
li.dream.R$styleable:
li.dream.SetheadImageActivity:
    public static final int NONE
    public static final int PHOTOHRAPH
    public static final int PHOTOZOOM
    public static final int PHOTORESOULT
    public static final java.lang.String IMAGE_UNSPECIFIED
li.dream.albumActivity:
    private android.os.Bundle bundle
li.dream.albumItemActivity:
    private li.entity.Album album
li.dream.album_m_photo:
    private static final int NONE
    private static final int DRAG
    private static final int ZOOM
li.dream.hotelActivity:
    static final int SCROLL_ACTION
li.dream.hoteldetailActivity:
    private android.widget.TextView bossname
    private android.widget.TextView longtel
    private android.widget.ImageButton phone
    private android.widget.ImageButton local
li.dream.loginActivity:
    private android.widget.CheckBox auto
    private java.lang.String login_feedback
li.dream.modifiActivity:
    private static final int DATE_PICKER_ID
li.dream.sortActivity:
    private android.widget.GridView gridview
...
android.annotation.SuppressLint
android.annotation.TargetApi
cn.thinkit.libtmfe.test.JNI:
====    public JNI()
li.adapter.BrayAdapter:
====    63:106:public BrayAdapter(android.content.Context,int)
====    63:118:public BrayAdapter(android.content.Context,int,int)
====    63:130:public BrayAdapter(android.content.Context,int,java.lang.Object[])
====    63:143:public BrayAdapter(android.content.Context,int,int,java.lang.Object[])
====    63:168:public BrayAdapter(android.content.Context,int,int,java.util.List)
====    176:185:public void add(java.lang.Object)
====    194:203:public void insert(java.lang.Object,int)
====    211:219:public void remove(java.lang.Object)
====    225:233:public void clear()
====    242:244:public void sort(java.util.Comparator)
====    270:271:public void setNotifyOnChange(boolean)
====    288:288:public android.content.Context getContext()
====    313:313:public int getPosition(java.lang.Object)
====    372:373:public void setDropDownViewResource(int)
====    395:396:public static li.adapter.BrayAdapter createFromResource(android.content.Context,int,int)
li.adapter.hotelAdapter
li.adapter.sortAdapter
li.base.baseActivity
li.bitmap.FinalBitmap:
====    77:82:public static li.bitmap.FinalBitmap create(android.content.Context,java.lang.String)
====    95:102:public static li.bitmap.FinalBitmap create(android.content.Context,java.lang.String,float)
====    113:120:public static li.bitmap.FinalBitmap create(android.content.Context,java.lang.String,int)
====    133:141:public static li.bitmap.FinalBitmap create(android.content.Context,java.lang.String,float,int)
====    153:161:public static li.bitmap.FinalBitmap create(android.content.Context,java.lang.String,int,int)
====    174:183:public static li.bitmap.FinalBitmap create(android.content.Context,java.lang.String,float,int,int)
====    196:205:public static li.bitmap.FinalBitmap create(android.content.Context,java.lang.String,int,int,int)
====    214:215:public li.bitmap.FinalBitmap configLoadingImage(android.graphics.Bitmap)
====    232:233:public li.bitmap.FinalBitmap configLoadfailImage(android.graphics.Bitmap)
====    251:252:public li.bitmap.FinalBitmap configBitmapMaxHeight(int)
====    260:261:public li.bitmap.FinalBitmap configBitmapMaxWidth(int)
====    290:291:public void configCompressFormat(android.graphics.Bitmap$CompressFormat)
====    298:300:public li.bitmap.FinalBitmap configCalculateBitmapSizeWhenDecode(boolean)
====    320:321:public li.bitmap.FinalBitmap configMemoryCacheSize(int)
====    329:330:public li.bitmap.FinalBitmap configMemoryCachePercent(float)
====    338:339:public li.bitmap.FinalBitmap configDiskCacheSize(int)
li.bitmap.FinalBitmap$CacheExecutecTask:
    public static final int MESSAGE_CLEAR
    public static final int MESSAGE_INIT_DISK_CACHE
    public static final int MESSAGE_FLUSH
    public static final int MESSAGE_CLOSE
    public static final int MESSAGE_CLEAR_MEMORY
    public static final int MESSAGE_CLEAR_DISK
    public static final int MESSAGE_CLEAR_KEY
    public static final int MESSAGE_CLEAR_KEY_IN_MEMORY
    public static final int MESSAGE_CLEAR_KEY_IN_DISK
li.core.AsyncTask:
    private static final java.lang.String LOG_TAG
    private static final int CORE_POOL_SIZE
    private static final int MAXIMUM_POOL_SIZE
    private static final int KEEP_ALIVE
    private static final int MESSAGE_POST_RESULT
    private static final int MESSAGE_POST_PROGRESS
====    128:129:public static void init()
====    133:134:public static void setDefaultExecutor(java.util.concurrent.Executor)
====    188:188:public final li.core.AsyncTask$Status getStatus()
====    338:338:public final java.lang.Object get()
====    358:358:public final java.lang.Object get(long,java.util.concurrent.TimeUnit)
====    460:461:public static void execute(java.lang.Runnable)
====    478:482:protected final varargs void publishProgress(java.lang.Object[])